<?xml version="1.0" encoding="UTF-8"?>
<!-- Generated by org.testng.reporters.JUnitReportReporter -->
<testsuite hostname="YP1016832LT" failures="0" tests="1" name="testCases.TC_002_TestLogin" time="1.109" errors="0" timestamp="2023-04-25T12:54:54 IST" skipped="0">
  <testcase classname="testCases.TC_002_TestLogin" name="Test_loin" time="1.109"/>
  <system-out/>
</testsuite> <!-- testCases.TC_002_TestLogin -->
